2022-11-28 15:25:28,371 DEBUG Horse: Создание Horse, имя [Буцефал], скорость [2.4]
2022-11-28 15:25:28,376 DEBUG Horse: Создание Horse, имя [Туз Пик], скорость [2.5]
2022-11-28 15:25:28,376 DEBUG Horse: Создание Horse, имя [Зефир], скорость [2.6]
2022-11-28 15:25:28,376 DEBUG Horse: Создание Horse, имя [Пожар], скорость [2.7]
2022-11-28 15:25:28,376 DEBUG Horse: Создание Horse, имя [Лобстер], скорость [2.8]
2022-11-28 15:25:28,377 DEBUG Horse: Создание Horse, имя [Пегас], скорость [2.9]
2022-11-28 15:25:28,414 DEBUG Horse: Создание Horse, имя [Вишня], скорость [3.0]
2022-11-28 15:25:28,416 DEBUG Hippodrome: Создание Hippodrome, лошадей [7]
2022-11-28 15:25:28,416 INFO  Main: Начало скачек. Количество участников: 7
2022-11-28 15:25:48,827 INFO  Main: Окончание скачек. Победитель: Вишня
2022-11-28 15:31:11,937 DEBUG Horse: Создание Horse, имя [Буцефал], скорость [2.4]
2022-11-28 15:31:11,945 DEBUG Horse: Создание Horse, имя [Туз Пик], скорость [2.5]
2022-11-28 15:31:11,945 DEBUG Horse: Создание Horse, имя [Зефир], скорость [2.6]
2022-11-28 15:31:11,945 DEBUG Horse: Создание Horse, имя [Пожар], скорость [2.7]
2022-11-28 15:31:11,945 DEBUG Horse: Создание Horse, имя [Лобстер], скорость [2.8]
2022-11-28 15:31:11,946 DEBUG Horse: Создание Horse, имя [Пегас], скорость [2.9]
2022-11-28 15:31:11,946 DEBUG Horse: Создание Horse, имя [Вишня], скорость [3.0]
2022-11-28 15:31:11,947 DEBUG Hippodrome: Создание Hippodrome, лошадей [7]
2022-11-28 15:31:11,948 INFO  Main: Начало скачек. Количество участников: 7
2022-11-28 15:31:32,374 INFO  Main: Окончание скачек. Победитель: Пегас
